Oct-08 08:14:28.934 [main] DEBUG nextflow.cli.Launcher - $> nextflow run consensus.nf --bamdir /home/marie/Desktop/test_dataa/output/ --ref /home/marie/Desktop/test_dataa/Ref/GCF_014108235.1_mMyoMyo1.p_genomic.fa --outdir /home/marie/Desktop/test_dataa/output/consensus/ --scaf NC_029346.1 --mindepth 3
Oct-08 08:14:29.201 [main] INFO  nextflow.cli.CmdRun - N E X T F L O W  ~  version 21.04.3
Oct-08 08:14:29.262 [main] INFO  nextflow.cli.CmdRun - Launching `consensus.nf` [serene_mestorf] - revision: a0b557cdcf
Oct-08 08:14:29.297 [main] DEBUG nextflow.config.ConfigBuilder - Found config local: /home/marie/Desktop/nfconsensus/nextflow.config
Oct-08 08:14:29.299 [main] DEBUG nextflow.config.ConfigBuilder - Parsing config file: /home/marie/Desktop/nfconsensus/nextflow.config
Oct-08 08:14:29.358 [main] DEBUG nextflow.config.ConfigBuilder - Applying config profile: `standard`
Oct-08 08:14:30.666 [main] DEBUG nextflow.plugin.PluginsFacade - Setting up plugin manager > mode=prod; plugins-dir=/home/marie/.nextflow/plugins
Oct-08 08:14:30.668 [main] DEBUG nextflow.plugin.PluginsFacade - Plugins default=[]
Oct-08 08:14:30.672 [main] DEBUG nextflow.plugin.PluginsFacade - Plugins local root: .nextflow/plr/empty
Oct-08 08:14:30.684 [main] INFO  org.pf4j.DefaultPluginStatusProvider - Enabled plugins: []
Oct-08 08:14:30.686 [main] INFO  org.pf4j.DefaultPluginStatusProvider - Disabled plugins: []
Oct-08 08:14:30.692 [main] INFO  org.pf4j.DefaultPluginManager - PF4J version 3.4.1 in 'deployment' mode
Oct-08 08:14:30.706 [main] INFO  org.pf4j.AbstractPluginManager - No plugins
Oct-08 08:14:30.778 [main] DEBUG nextflow.Session - Session uuid: 52628e74-2f7e-4d35-aa21-e10f162d3356
Oct-08 08:14:30.778 [main] DEBUG nextflow.Session - Run name: serene_mestorf
Oct-08 08:14:30.779 [main] DEBUG nextflow.Session - Executor pool size: 8
Oct-08 08:14:30.797 [main] DEBUG nextflow.cli.CmdRun - 
  Version: 21.04.3 build 5560
  Created: 21-07-2021 15:09 UTC (17:09 CEST)
  System: Linux 5.11.0-37-generic
  Runtime: Groovy 3.0.7 on OpenJDK 64-Bit Server VM 1.8.0_152-release-1056-b12
  Encoding: UTF-8 (UTF-8)
  Process: 8606@barbara [127.0.1.1]
  CPUs: 8 - Mem: 15.2 GB (9.7 GB) - Swap: 2 GB (2 GB)
Oct-08 08:14:30.829 [main] DEBUG nextflow.Session - Work-dir: /home/marie/Desktop/nfconsensus/work [ext2/ext3]
Oct-08 08:14:30.830 [main] DEBUG nextflow.Session - Script base path does not exist or is not a directory: /home/marie/Desktop/nfconsensus/bin
Oct-08 08:14:30.849 [main] DEBUG nextflow.executor.ExecutorFactory - Extension executors providers=[]
Oct-08 08:14:30.871 [main] DEBUG nextflow.Session - Observer factory: DefaultObserverFactory
Oct-08 08:14:31.104 [main] DEBUG nextflow.Session - Session start invoked
Oct-08 08:14:32.187 [main] DEBUG nextflow.script.ScriptRunner - > Launching execution
Oct-08 08:14:32.200 [main] DEBUG nextflow.Session - Workflow process names [dsl1]: IndexBAM, GetRegion, FastaHeader, CreateConsensus
Oct-08 08:14:32.209 [main] INFO  nextflow.Nextflow - Fancy nextflow consensus creater
===================================
Bam directory           : /home/marie/Desktop/test_dataa/output/
Output directory        : /home/marie/Desktop/test_dataa/output/consensus/
Region or scaffold      : NC_029346.1
Min Depth               : 3

Oct-08 08:14:32.259 [PathVisitor-1] DEBUG nextflow.file.PathVisitor - files for syntax: glob; folder: /home/marie/Desktop/test_dataa/output/; pattern: */*.bam; options: [:]
Oct-08 08:14:32.407 [main] DEBUG nextflow.executor.ExecutorFactory - << taskConfig executor: null
Oct-08 08:14:32.407 [main] DEBUG nextflow.executor.ExecutorFactory - >> processorType: 'local'
Oct-08 08:14:32.416 [main] DEBUG nextflow.executor.Executor - [warm up] executor > local
Oct-08 08:14:32.424 [main] DEBUG n.processor.LocalPollingMonitor - Creating local task monitor for executor 'local' > cpus=8; memory=15.2 GB; capacity=8; pollInterval=100ms; dumpInterval=5m
Oct-08 08:14:32.568 [main] DEBUG nextflow.executor.ExecutorFactory - << taskConfig executor: null
Oct-08 08:14:32.568 [main] DEBUG nextflow.executor.ExecutorFactory - >> processorType: 'local'
Oct-08 08:14:32.579 [main] DEBUG nextflow.executor.ExecutorFactory - << taskConfig executor: null
Oct-08 08:14:32.579 [main] DEBUG nextflow.executor.ExecutorFactory - >> processorType: 'local'
Oct-08 08:14:32.597 [main] DEBUG nextflow.executor.ExecutorFactory - << taskConfig executor: null
Oct-08 08:14:32.598 [main] DEBUG nextflow.executor.ExecutorFactory - >> processorType: 'local'
Oct-08 08:14:32.614 [main] DEBUG nextflow.script.ScriptRunner - > Await termination 
Oct-08 08:14:32.614 [main] DEBUG nextflow.Session - Session await
Oct-08 08:14:32.858 [Task submitter] DEBUG nextflow.executor.LocalTaskHandler - Launch cmd line: /bin/bash -ue .command.run
Oct-08 08:14:32.865 [Task submitter] INFO  nextflow.Session - [1c/b0dc44] Submitted process > IndexBAM (3)
Oct-08 08:14:32.876 [Task submitter] DEBUG nextflow.executor.LocalTaskHandler - Launch cmd line: /bin/bash -ue .command.run
Oct-08 08:14:32.877 [Task submitter] INFO  nextflow.Session - [93/b8d7a7] Submitted process > IndexBAM (2)
Oct-08 08:14:32.893 [Task submitter] DEBUG nextflow.executor.LocalTaskHandler - Launch cmd line: /bin/bash -ue .command.run
Oct-08 08:14:32.894 [Task submitter] INFO  nextflow.Session - [94/b4762f] Submitted process > IndexBAM (1)
Oct-08 08:14:33.906 [Task monitor] DEBUG n.processor.TaskPollingMonitor - Task completed > TaskHandler[id: 3; name: IndexBAM (3); status: COMPLETED; exit: 0; error: -; workDir: /home/marie/Desktop/nfconsensus/work/1c/b0dc448fdab27d9756c7dd14552a2d]
Oct-08 08:14:33.980 [Task submitter] DEBUG nextflow.executor.LocalTaskHandler - Launch cmd line: /bin/bash -ue .command.run
Oct-08 08:14:33.983 [Task submitter] INFO  nextflow.Session - [82/4e985a] Submitted process > GetRegion (1)
Oct-08 08:14:34.063 [Task monitor] DEBUG n.processor.TaskPollingMonitor - Task completed > TaskHandler[id: 4; name: GetRegion (1); status: COMPLETED; exit: 0; error: -; workDir: /home/marie/Desktop/nfconsensus/work/82/4e985a8f0f27277159588aff6e4972]
Oct-08 08:14:34.104 [Task submitter] DEBUG nextflow.executor.LocalTaskHandler - Launch cmd line: /bin/bash -ue .command.run
Oct-08 08:14:34.105 [Task submitter] INFO  nextflow.Session - [a4/84297c] Submitted process > CreateConsensus (1)
Oct-08 08:14:34.299 [Task monitor] DEBUG n.processor.TaskPollingMonitor - Task completed > TaskHandler[id: 5; name: CreateConsensus (1); status: COMPLETED; exit: 0; error: -; workDir: /home/marie/Desktop/nfconsensus/work/a4/84297c441219f605bd9ad6c69d4871]
Oct-08 08:14:34.319 [Task submitter] DEBUG nextflow.executor.LocalTaskHandler - Launch cmd line: /bin/bash -ue .command.run
Oct-08 08:14:34.321 [Task submitter] INFO  nextflow.Session - [00/d87d0a] Submitted process > FastaHeader (1)
Oct-08 08:14:34.353 [Task monitor] DEBUG n.processor.TaskPollingMonitor - Task completed > TaskHandler[id: 6; name: FastaHeader (1); status: COMPLETED; exit: 0; error: -; workDir: /home/marie/Desktop/nfconsensus/work/00/d87d0a21be9fa20fd8122857137b5d]
Oct-08 08:14:34.375 [Task monitor] DEBUG n.util.BlockingThreadExecutorFactory - Thread pool name=FileTransfer; maxThreads=24; maxQueueSize=72; keepAlive=1m
Oct-08 08:14:57.568 [Task monitor] DEBUG n.processor.TaskPollingMonitor - Task completed > TaskHandler[id: 1; name: IndexBAM (2); status: COMPLETED; exit: 0; error: -; workDir: /home/marie/Desktop/nfconsensus/work/93/b8d7a742c81d7124af5f311b4eb0f4]
Oct-08 08:14:57.575 [Task monitor] DEBUG n.processor.TaskPollingMonitor - Task completed > TaskHandler[id: 2; name: IndexBAM (1); status: COMPLETED; exit: 0; error: -; workDir: /home/marie/Desktop/nfconsensus/work/94/b4762f5c024bdfcb940f8375b6bbc6]
Oct-08 08:14:57.814 [Task submitter] DEBUG nextflow.executor.LocalTaskHandler - Launch cmd line: /bin/bash -ue .command.run
Oct-08 08:14:57.815 [Task submitter] INFO  nextflow.Session - [2e/7f5f8c] Submitted process > GetRegion (2)
Oct-08 08:14:57.825 [Task submitter] DEBUG nextflow.executor.LocalTaskHandler - Launch cmd line: /bin/bash -ue .command.run
Oct-08 08:14:57.826 [Task submitter] INFO  nextflow.Session - [b7/913c02] Submitted process > GetRegion (3)
Oct-08 08:14:57.883 [Task monitor] DEBUG n.processor.TaskPollingMonitor - Task completed > TaskHandler[id: 7; name: GetRegion (2); status: COMPLETED; exit: 0; error: -; workDir: /home/marie/Desktop/nfconsensus/work/2e/7f5f8cefca19e638bf136a734e7c30]
Oct-08 08:14:57.888 [Task monitor] DEBUG n.processor.TaskPollingMonitor - Task completed > TaskHandler[id: 8; name: GetRegion (3); status: COMPLETED; exit: 0; error: -; workDir: /home/marie/Desktop/nfconsensus/work/b7/913c022f2689061fc01c5758d2242c]
Oct-08 08:14:57.897 [Task submitter] DEBUG nextflow.executor.LocalTaskHandler - Launch cmd line: /bin/bash -ue .command.run
Oct-08 08:14:57.897 [Task submitter] INFO  nextflow.Session - [e4/f56531] Submitted process > CreateConsensus (2)
Oct-08 08:14:57.902 [Task submitter] DEBUG nextflow.executor.LocalTaskHandler - Launch cmd line: /bin/bash -ue .command.run
Oct-08 08:14:57.902 [Task submitter] INFO  nextflow.Session - [0d/5a6541] Submitted process > CreateConsensus (3)
Oct-08 08:14:58.133 [Task monitor] DEBUG n.processor.TaskPollingMonitor - Task completed > TaskHandler[id: 10; name: CreateConsensus (3); status: COMPLETED; exit: 0; error: -; workDir: /home/marie/Desktop/nfconsensus/work/0d/5a654181e1b52e4eaa7be5ba82d97c]
Oct-08 08:14:58.140 [Task monitor] DEBUG n.processor.TaskPollingMonitor - Task completed > TaskHandler[id: 9; name: CreateConsensus (2); status: COMPLETED; exit: 0; error: -; workDir: /home/marie/Desktop/nfconsensus/work/e4/f565316bd3406dfd75a9eb61e72b55]
Oct-08 08:14:58.144 [Task submitter] DEBUG nextflow.executor.LocalTaskHandler - Launch cmd line: /bin/bash -ue .command.run
Oct-08 08:14:58.146 [Task submitter] INFO  nextflow.Session - [8d/e2eb13] Submitted process > FastaHeader (2)
Oct-08 08:14:58.152 [Task submitter] DEBUG nextflow.executor.LocalTaskHandler - Launch cmd line: /bin/bash -ue .command.run
Oct-08 08:14:58.153 [Task submitter] INFO  nextflow.Session - [eb/49da47] Submitted process > FastaHeader (3)
Oct-08 08:14:58.174 [Task monitor] DEBUG n.processor.TaskPollingMonitor - Task completed > TaskHandler[id: 11; name: FastaHeader (2); status: COMPLETED; exit: 0; error: -; workDir: /home/marie/Desktop/nfconsensus/work/8d/e2eb13baa83038770dcb166f5568ef]
Oct-08 08:14:58.180 [Task monitor] DEBUG n.processor.TaskPollingMonitor - Task completed > TaskHandler[id: 12; name: FastaHeader (3); status: COMPLETED; exit: 0; error: -; workDir: /home/marie/Desktop/nfconsensus/work/eb/49da47f72699fb1588c3a6f91b46e6]
Oct-08 08:14:58.183 [main] DEBUG nextflow.Session - Session await > all process finished
Oct-08 08:14:58.185 [main] DEBUG nextflow.Session - Session await > all barriers passed
Oct-08 08:14:58.197 [main] DEBUG nextflow.trace.WorkflowStatsObserver - Workflow completed > WorkflowStats[succeededCount=12; failedCount=0; ignoredCount=0; cachedCount=0; pendingCount=0; submittedCount=0; runningCount=0; retriesCount=0; abortedCount=0; succeedDuration=50.7s; failedDuration=0ms; cachedDuration=0ms;loadCpus=0; loadMemory=0; peakRunning=3; peakCpus=3; peakMemory=0; ]
Oct-08 08:14:58.231 [main] DEBUG nextflow.CacheDB - Closing CacheDB done
Oct-08 08:14:58.250 [main] DEBUG nextflow.script.ScriptRunner - > Execution complete -- Goodbye
